[debug] [2022-03-18T17:05:57.967Z] ----------------------------------------------------------------------
[debug] [2022-03-18T17:05:57.970Z] Command:       C:\Program Files\nodejs\node.exe C:\Users\lenovo\AppData\Roaming\npm\node_modules\firebase-tools\lib\bin\firebase.js emulators:start
[debug] [2022-03-18T17:05:57.971Z] CLI Version:   9.1.2
[debug] [2022-03-18T17:05:57.971Z] Platform:      win32
[debug] [2022-03-18T17:05:57.971Z] Node Version:  v16.13.1
[debug] [2022-03-18T17:05:57.973Z] Time:          Fri Mar 18 2022 18:05:57 GMT+0100 (GMT+01:00)
[debug] [2022-03-18T17:05:57.974Z] ----------------------------------------------------------------------
[debug] [2022-03-18T17:05:57.974Z] 
[debug] [2022-03-18T17:05:57.986Z] > command requires scopes: ["email","openid","https://www.googleapis.com/auth/cloudplatformprojects.readonly","https://www.googleapis.com/auth/firebase","https://www.googleapis.com/auth/cloud-platform"]
[debug] [2022-03-18T17:05:57.987Z] > authorizing via signed-in user
[info] i  emulators: Starting emulators: functions, hosting {"metadata":{"emulator":{"name":"hub"},"message":"Starting emulators: functions, hosting"}}
[warn] !  emulators: It seems that you are running multiple instances of the emulator suite for project clone-2d894. This may result in unexpected behavior. 
[debug] [2022-03-18T17:05:58.016Z] [hub] writing locator at C:\Users\lenovo\AppData\Local\Temp\hub-clone-2d894.json
[warn] !  functions: The following emulators are not running, calls to these services from the Functions emulator will affect production: auth, firestore, database, pubsub {"metadata":{"emulator":{"name":"functions"},"message":"The following emulators are not running, calls to these services from the Functions emulator will affect production: \u001b[1mauth, firestore, database, pubsub\u001b[22m"}}
[warn] !  Your requested "node" version "12" doesn't match your global version "16" {"metadata":{"emulator":{"name":"functions"},"message":"Your requested \"node\" version \"12\" doesn't match your global version \"16\""}}
[debug] [2022-03-18T17:05:58.067Z] defaultcredentials: writing to file C:\Users\lenovo\AppData\Roaming\firebase\saralachgaar_gmail_com_application_default_credentials.json
[debug] [2022-03-18T17:05:58.077Z] Setting GAC to C:\Users\lenovo\AppData\Roaming\firebase\saralachgaar_gmail_com_application_default_credentials.json {"metadata":{"emulator":{"name":"functions"},"message":"Setting GAC to C:\\Users\\lenovo\\AppData\\Roaming\\firebase\\saralachgaar_gmail_com_application_default_credentials.json"}}
[debug] [2022-03-18T17:05:58.080Z] > refreshing access token with scopes: []
[debug] [2022-03-18T17:05:58.081Z] >>> HTTP REQUEST POST https://www.googleapis.com/oauth2/v3/token  
 <request body omitted>
[debug] [2022-03-18T17:05:58.368Z] <<< HTTP RESPONSE 200 {"expires":"Mon, 01 Jan 1990 00:00:00 GMT","date":"Fri, 18 Mar 2022 17:05:58 GMT","cache-control":"no-cache, no-store, max-age=0, must-revalidate","pragma":"no-cache","content-type":"application/json; charset=utf-8","vary":"X-Origin, Referer, Origin,Accept-Encoding","server":"scaffolding on HTTPServer2","x-xss-protection":"0","x-frame-options":"SAMEORIGIN","x-content-type-options":"nosniff","alt-svc":"h3=\":443\"; ma=2592000,h3-29=\":443\"; ma=2592000,h3-Q050=\":443\"; ma=2592000,h3-Q046=\":443\"; ma=2592000,h3-Q043=\":443\"; ma=2592000,quic=\":443\"; ma=2592000; v=\"46,43\"","accept-ranges":"none","transfer-encoding":"chunked"}
[debug] [2022-03-18T17:05:58.383Z] >>> [apiv2][query] GET https://firebase.googleapis.com/v1beta1/projects/clone-2d894/adminSdkConfig [none]
[debug] [2022-03-18T17:05:58.803Z] <<< [apiv2][status] GET https://firebase.googleapis.com/v1beta1/projects/clone-2d894/adminSdkConfig 200
[debug] [2022-03-18T17:05:58.803Z] <<< [apiv2][body] GET https://firebase.googleapis.com/v1beta1/projects/clone-2d894/adminSdkConfig {"projectId":"clone-2d894","storageBucket":"clone-2d894.appspot.com","locationId":"europe-west"}
[debug] [2022-03-18T17:05:58.824Z] > refreshing access token with scopes: ["email","https://www.googleapis.com/auth/cloud-platform","https://www.googleapis.com/auth/cloudplatformprojects.readonly","https://www.googleapis.com/auth/firebase","openid"]
[debug] [2022-03-18T17:05:58.824Z] >>> HTTP REQUEST POST https://www.googleapis.com/oauth2/v3/token  
 <request body omitted>
[debug] [2022-03-18T17:05:59.123Z] <<< HTTP RESPONSE 200 {"expires":"Mon, 01 Jan 1990 00:00:00 GMT","cache-control":"no-cache, no-store, max-age=0, must-revalidate","date":"Fri, 18 Mar 2022 17:05:59 GMT","pragma":"no-cache","content-type":"application/json; charset=utf-8","vary":"X-Origin, Referer, Origin,Accept-Encoding","server":"scaffolding on HTTPServer2","x-xss-protection":"0","x-frame-options":"SAMEORIGIN","x-content-type-options":"nosniff","alt-svc":"h3=\":443\"; ma=2592000,h3-29=\":443\"; ma=2592000,h3-Q050=\":443\"; ma=2592000,h3-Q046=\":443\"; ma=2592000,h3-Q043=\":443\"; ma=2592000,quic=\":443\"; ma=2592000; v=\"46,43\"","accept-ranges":"none","transfer-encoding":"chunked"}
[debug] [2022-03-18T17:05:59.135Z] >>> HTTP REQUEST GET https://firebase.googleapis.com/v1beta1/projects/clone-2d894/webApps/-/config  
 
[debug] [2022-03-18T17:05:59.931Z] <<< HTTP RESPONSE 200 {"content-type":"application/json; charset=UTF-8","vary":"X-Origin, Referer, Origin,Accept-Encoding","date":"Fri, 18 Mar 2022 17:05:59 GMT","server":"ESF","cache-control":"private","x-xss-protection":"0","x-frame-options":"SAMEORIGIN","x-content-type-options":"nosniff","alt-svc":"h3=\":443\"; ma=2592000,h3-29=\":443\"; ma=2592000,h3-Q050=\":443\"; ma=2592000,h3-Q046=\":443\"; ma=2592000,h3-Q043=\":443\"; ma=2592000,quic=\":443\"; ma=2592000; v=\"46,43\"","accept-ranges":"none","transfer-encoding":"chunked"}
[info] i  hosting: Serving hosting files from: build {"metadata":{"emulator":{"name":"hosting"},"message":"Serving hosting files from: \u001b[1mbuild\u001b[22m"}}
[info] +  hosting: Local server: http://localhost:5000 {"metadata":{"emulator":{"name":"hosting"},"message":"Local server: \u001b[4m\u001b[1mhttp://localhost:5000\u001b[22m\u001b[24m"}}
[debug] [2022-03-18T17:05:59.974Z] Ignoring unsupported arg: auto_download {"metadata":{"emulator":{"name":"ui"},"message":"Ignoring unsupported arg: auto_download"}}
[debug] [2022-03-18T17:05:59.975Z] Ignoring unsupported arg: port {"metadata":{"emulator":{"name":"ui"},"message":"Ignoring unsupported arg: port"}}
[debug] [2022-03-18T17:05:59.975Z] Starting Emulator UI with command {"binary":"node","args":["C:\\Users\\lenovo\\.cache\\firebase\\emulators\\ui-v1.4.1\\server.bundle.js"],"optionalArgs":[],"joinArgs":false} {"metadata":{"emulator":{"name":"ui"},"message":"Starting Emulator UI with command {\"binary\":\"node\",\"args\":[\"C:\\\\Users\\\\lenovo\\\\.cache\\\\firebase\\\\emulators\\\\ui-v1.4.1\\\\server.bundle.js\"],\"optionalArgs\":[],\"joinArgs\":false}"}}
[info] i  ui: Emulator UI logging to ui-debug.log {"metadata":{"emulator":{"name":"ui"},"message":"Emulator UI logging to \u001b[1mui-debug.log\u001b[22m"}}
[debug] [2022-03-18T17:06:00.220Z] Web / API server started at http://localhost:4000
 {"metadata":{"emulator":{"name":"ui"},"message":"Web / API server started at http://localhost:4000\n"}}
[info] i  functions: Watching "C:\React apps\Git\amazon-clone\functions" for Cloud Functions... {"metadata":{"emulator":{"name":"functions"},"message":"Watching \"C:\\React apps\\Git\\amazon-clone\\functions\" for Cloud Functions..."}}
[debug] [2022-03-18T17:06:00.258Z] [worker-pool] addWorker(~diagnostic~) {"metadata":{"emulator":{"name":"functions"},"message":"[worker-pool] addWorker(~diagnostic~)"}}
[debug] [2022-03-18T17:06:00.258Z] [worker-pool] Adding worker with key ~diagnostic~, total=1 {"metadata":{"emulator":{"name":"functions"},"message":"[worker-pool] Adding worker with key ~diagnostic~, total=1"}}
[debug] [2022-03-18T17:06:00.258Z] [worker-pool] submitWork(triggerId=) {"metadata":{"emulator":{"name":"functions"},"message":"[worker-pool] submitWork(triggerId=)"}}
[debug] [2022-03-18T17:06:00.259Z] [worker-~diagnostic~-dcf5a56f-2531-4437-88bc-d97a1e30d10e]: Assigning socketPath: \\?\pipe\C:\React apps\Git\amazon-clone\functions\9028 {"metadata":{"emulator":{"name":"functions"},"message":"[worker-~diagnostic~-dcf5a56f-2531-4437-88bc-d97a1e30d10e]: Assigning socketPath: \\\\?\\pipe\\C:\\React apps\\Git\\amazon-clone\\functions\\9028"}}
[debug] [2022-03-18T17:06:00.259Z] [worker-~diagnostic~-dcf5a56f-2531-4437-88bc-d97a1e30d10e]: BUSY {"metadata":{"emulator":{"name":"functions"},"message":"[worker-~diagnostic~-dcf5a56f-2531-4437-88bc-d97a1e30d10e]: BUSY"}}
